1595351380068	mozrunner::runner	INFO	Running command: "C:\\Program Files\\Mozilla Firefox\\firefox.exe" "-marionette" "-foreground" "-no-remote" "-profile" "C:\\Users\\VIRAJS~1\\AppData\\Local\\Temp\\rust_mozprofileZyVdIR"
JavaScript error: resource://gre/modules/XULStore.jsm, line 66: Error: Can't find profile directory.
1595351384035	Marionette	INFO	Listening on port 58456
1595351384228	Marionette	WARN	TLS certificate errors will be ignored for this session
1595351404178	Marionette	INFO	Stopped listening on port 58456

###!!! [Child][MessageChannel::SendAndWait] Error: Channel error: cannot send/recv

1595351475388	mozrunner::runner	INFO	Running command: "C:\\Program Files\\Mozilla Firefox\\firefox.exe" "-marionette" "-foreground" "-no-remote" "-profile" "C:\\Users\\VIRAJS~1\\AppData\\Local\\Temp\\rust_mozprofileNy13hR"
JavaScript error: resource://gre/modules/XULStore.jsm, line 66: Error: Can't find profile directory.
1595351479456	Marionette	INFO	Listening on port 58619
1595351479526	Marionette	WARN	TLS certificate errors will be ignored for this session
1595351498294	Marionette	INFO	Stopped listening on port 58619

###!!! [Child][RunMessage] Error: Channel closing: too late to send/recv, messages will be lost


###!!! [Child][MessageChannel::SendAndWait] Error: Channel error: cannot send/recv

1595351813352	mozrunner::runner	INFO	Running command: "C:\\Program Files\\Mozilla Firefox\\firefox.exe" "-marionette" "-foreground" "-no-remote" "-profile" "C:\\Users\\VIRAJS~1\\AppData\\Local\\Temp\\rust_mozprofilegAyI9g"
JavaScript error: resource://gre/modules/XULStore.jsm, line 66: Error: Can't find profile directory.
1595351817949	Marionette	INFO	Listening on port 58774
1595351818075	Marionette	WARN	TLS certificate errors will be ignored for this session
1595351847994	Marionette	INFO	Stopped listening on port 58774

###!!! [Child][RunMessage] Error: Channel closing: too late to send/recv, messages will be lost


###!!! [Child][MessageChannel::SendAndWait] Error: Channel error: cannot send/recv

1595352317884	mozrunner::runner	INFO	Running command: "C:\\Program Files\\Mozilla Firefox\\firefox.exe" "-marionette" "-foreground" "-no-remote" "-profile" "C:\\Users\\VIRAJS~1\\AppData\\Local\\Temp\\rust_mozprofile5DtMrl"
JavaScript error: resource://gre/modules/XULStore.jsm, line 66: Error: Can't find profile directory.
1595352321519	Marionette	INFO	Listening on port 58958
1595352322004	Marionette	WARN	TLS certificate errors will be ignored for this session
1595352347957	Marionette	INFO	Stopped listening on port 58958

###!!! [Child][MessageChannel::SendAndWait] Error: Channel error: cannot send/recv

1595352902331	mozrunner::runner	INFO	Running command: "C:\\Program Files\\Mozilla Firefox\\firefox.exe" "-marionette" "-foreground" "-no-remote" "-profile" "C:\\Users\\VIRAJS~1\\AppData\\Local\\Temp\\rust_mozprofileWPxDst"
JavaScript error: resource://gre/modules/XULStore.jsm, line 66: Error: Can't find profile directory.
1595352906454	Marionette	INFO	Listening on port 59120
1595352906563	Marionette	WARN	TLS certificate errors will be ignored for this session
1595352939142	Marionette	INFO	Stopped listening on port 59120

###!!! [Child][RunMessage] Error: Channel closing: too late to send/recv, messages will be lost


###!!! [Child][MessageChannel::SendAndWait] Error: Channel error: cannot send/recv

1595352979051	mozrunner::runner	INFO	Running command: "C:\\Program Files\\Mozilla Firefox\\firefox.exe" "-marionette" "-foreground" "-no-remote" "-profile" "C:\\Users\\VIRAJS~1\\AppData\\Local\\Temp\\rust_mozprofileWaMtuv"
JavaScript error: resource://gre/modules/XULStore.jsm, line 66: Error: Can't find profile directory.
1595352984053	Marionette	INFO	Listening on port 59257
1595352984307	Marionette	WARN	TLS certificate errors will be ignored for this session
1595353023429	Marionette	INFO	Stopped listening on port 59257

###!!! [Child][RunMessage] Error: Channel closing: too late to send/recv, messages will be lost


###!!! [Child][MessageChannel::SendAndWait] Error: Channel error: cannot send/recv

1595789568299	mozrunner::runner	INFO	Running command: "C:\\Program Files\\Mozilla Firefox\\firefox.exe" "-marionette" "-foreground" "-no-remote" "-profile" "C:\\Users\\VIRAJS~1\\AppData\\Local\\Temp\\rust_mozprofile1TtLmM"
JavaScript error: resource://gre/modules/XULStore.jsm, line 66: Error: Can't find profile directory.
1595789571947	Marionette	INFO	Listening on port 56190
1595789572421	Marionette	WARN	TLS certificate errors will be ignored for this session
1595789588233	Marionette	INFO	Stopped listening on port 56190

###!!! [Child][RunMessage] Error: Channel closing: too late to send/recv, messages will be lost


###!!! [Child][MessageChannel::SendAndWait] Error: Channel error: cannot send/recv

1595789770421	mozrunner::runner	INFO	Running command: "C:\\Program Files\\Mozilla Firefox\\firefox.exe" "-marionette" "-foreground" "-no-remote" "-profile" "C:\\Users\\VIRAJS~1\\AppData\\Local\\Temp\\rust_mozprofile6Rbd5T"
JavaScript error: resource://gre/modules/XULStore.jsm, line 66: Error: Can't find profile directory.
1595789773872	Marionette	INFO	Listening on port 56364
1595789774037	Marionette	WARN	TLS certificate errors will be ignored for this session
console.error: "Store does not have a valid reducer. Make sure the argument passed to combineReducers is an object whose values are reducers."
1595789827893	Marionette	INFO	Stopped listening on port 56364
JavaScript error: resource://gre/modules/osfile/osfile_async_front.jsm, line 446: Error: OS.File has been shut down. Rejecting request to stat

###!!! [Child][MessageChannel::SendAndWait] Error: Channel error: cannot send/recv

1595789929901	mozrunner::runner	INFO	Running command: "C:\\Program Files\\Mozilla Firefox\\firefox.exe" "-marionette" "-foreground" "-no-remote" "-profile" "C:\\Users\\VIRAJS~1\\AppData\\Local\\Temp\\rust_mozprofilevGtfAx"
JavaScript error: resource://gre/modules/XULStore.jsm, line 66: Error: Can't find profile directory.
1595789933684	Marionette	INFO	Listening on port 56560
1595789934021	Marionette	WARN	TLS certificate errors will be ignored for this session
1595789976968	Marionette	INFO	Stopped listening on port 56560

###!!! [Child][RunMessage] Error: Channel closing: too late to send/recv, messages will be lost


###!!! [Child][MessageChannel::SendAndWait] Error: Channel error: cannot send/recv

1595789984317	mozrunner::runner	INFO	Running command: "C:\\Program Files\\Mozilla Firefox\\firefox.exe" "-marionette" "-foreground" "-no-remote" "-profile" "C:\\Users\\VIRAJS~1\\AppData\\Local\\Temp\\rust_mozprofileC4M5Vw"
JavaScript error: resource://gre/modules/XULStore.jsm, line 66: Error: Can't find profile directory.
1595789987873	Marionette	INFO	Listening on port 56752
1595789987945	Marionette	WARN	TLS certificate errors will be ignored for this session
1595790024146	Marionette	INFO	Stopped listening on port 56752

###!!! [Child][RunMessage] Error: Channel closing: too late to send/recv, messages will be lost


###!!! [Child][MessageChannel::SendAndWait] Error: Channel error: cannot send/recv

1595790059424	mozrunner::runner	INFO	Running command: "C:\\Program Files\\Mozilla Firefox\\firefox.exe" "-marionette" "-foreground" "-no-remote" "-profile" "C:\\Users\\VIRAJS~1\\AppData\\Local\\Temp\\rust_mozprofilelxPURO"
JavaScript error: resource://gre/modules/XULStore.jsm, line 66: Error: Can't find profile directory.
1595790062907	Marionette	INFO	Listening on port 56946
1595790063035	Marionette	WARN	TLS certificate errors will be ignored for this session
1595790088638	Marionette	INFO	Stopped listening on port 56946

###!!! [Child][RunMessage] Error: Channel closing: too late to send/recv, messages will be lost


###!!! [Child][MessageChannel::SendAndWait] Error: Channel error: cannot send/recv

1595790127732	mozrunner::runner	INFO	Running command: "C:\\Program Files\\Mozilla Firefox\\firefox.exe" "-marionette" "-foreground" "-no-remote" "-profile" "C:\\Users\\VIRAJS~1\\AppData\\Local\\Temp\\rust_mozprofileQ683Q2"
JavaScript error: resource://gre/modules/XULStore.jsm, line 66: Error: Can't find profile directory.
1595790131471	Marionette	INFO	Listening on port 57117
1595790131844	Marionette	WARN	TLS certificate errors will be ignored for this session
1595790147953	Marionette	INFO	Stopped listening on port 57117

###!!! [Child][MessageChannel] Error: (msgtype=0x5A000D,name=PHttpChannel::Msg_DeletingChannel) Channel closing: too late to send/recv, messages will be lost


###!!! [Child][RunMessage] Error: Channel closing: too late to send/recv, messages will be lost


###!!! [Child][MessageChannel::SendAndWait] Error: Channel error: cannot send/recv

1595790204415	mozrunner::runner	INFO	Running command: "C:\\Program Files\\Mozilla Firefox\\firefox.exe" "-marionette" "-foreground" "-no-remote" "-profile" "C:\\Users\\VIRAJS~1\\AppData\\Local\\Temp\\rust_mozprofileBEjgLV"
JavaScript error: resource://gre/modules/XULStore.jsm, line 66: Error: Can't find profile directory.
1595790208226	Marionette	INFO	Listening on port 57270
1595790208866	Marionette	INFO	Stopped listening on port 57270

###!!! [Child][RunMessage] Error: Channel closing: too late to send/recv, messages will be lost


###!!! [Child][MessageChannel::SendAndWait] Error: Channel error: cannot send/recv

1595790910515	mozrunner::runner	INFO	Running command: "C:\\Program Files\\Mozilla Firefox\\firefox.exe" "-marionette" "-foreground" "-no-remote" "-profile" "C:\\Users\\VIRAJS~1\\AppData\\Local\\Temp\\rust_mozprofileCkrE6X"
JavaScript error: resource://gre/modules/XULStore.jsm, line 66: Error: Can't find profile directory.
1595790913851	Marionette	INFO	Listening on port 57540
1595790914148	Marionette	WARN	TLS certificate errors will be ignored for this session
JavaScript error: https://content.powerapps.com/resource/powerbiwfe/scripts/reportembed.externals.bundle.min.0f62f5dffc5e9334b928.js, line 1203: NS_ERROR_NOT_INITIALIZED: 
JavaScript error: https://content.powerapps.com/resource/powerbiwfe/scripts/reportembed.externals.bundle.min.0f62f5dffc5e9334b928.js, line 1203: NS_ERROR_NOT_INITIALIZED: 
JavaScript error: https://fast.wistia.com/assets/external/E-v1.js, line 1: NS_ERROR_NOT_INITIALIZED: 
JavaScript error: https://fast.wistia.com/assets/external/E-v1.js, line 1: NS_ERROR_NOT_INITIALIZED: 
JavaScript error: https://content.powerapps.com/resource/powerbiwfe/scripts/reportembed.externals.bundle.min.0f62f5dffc5e9334b928.js, line 1203: NS_ERROR_NOT_INITIALIZED: 
JavaScript error: https://content.powerapps.com/resource/powerbiwfe/scripts/reportembed.externals.bundle.min.0f62f5dffc5e9334b928.js, line 1203: NS_ERROR_NOT_INITIALIZED: 

###!!! [Child][MessageChannel] Error: (msgtype=0x5A0011,name=PHttpChannel::Msg___delete__) Channel closing: too late to send/recv, messages will be lost


###!!! [Child][RunMessage] Error: Channel closing: too late to send/recv, messages will be lost


###!!! [Child][RunMessage] Error: Channel closing: too late to send/recv, messages will be lost


###!!! [Child][RunMessage] Error: Channel closing: too late to send/recv, messages will be lost


###!!! [Child][RunMessage] Error: Channel closing: too late to send/recv, messages will be lost


###!!! [Child][RunMessage] Error: Channel closing: too late to send/recv, messages will be lost

1595790923190	Marionette	INFO	Stopped listening on port 57540

###!!! [Child][RunMessage] Error: Channel closing: too late to send/recv, messages will be lost


###!!! [Child][MessageChannel::SendAndWait] Error: Channel error: cannot send/recv

